{
  message: 'POST 200 /boards Query: {} Body: {"title":"Autotest board","columns":[{"title":"Backlog","order":1},{"title":"Sprint","order":2}]}\n',
  level: 'info',
  timestamp: '2020-10-19T17:53:45.731Z'
}
{
  message: 'POST 200 /boards/3a5230c8-1711-49fb-babc-c190213a1f64/tasks Query: {} Body: {"title":"Autotest task","order":0,"description":"Lorem ipsum","userId":null,"boardId":null,"columnId":null}\n',
  level: 'info',
  timestamp: '2020-10-19T17:53:45.738Z'
}
{
  message: 'GET 200 /boards/3a5230c8-1711-49fb-babc-c190213a1f64/tasks Query: {} Body: {}\n',
  level: 'info',
  timestamp: '2020-10-19T17:53:45.742Z'
}
{
  message: 'POST 200 /boards Query: {} Body: {"title":"Autotest board","columns":[{"title":"Backlog","order":1},{"title":"Sprint","order":2}]}\n',
  level: 'info',
  timestamp: '2020-10-19T17:53:45.744Z'
}
{
  message: 'GET 200 /boards/3a5230c8-1711-49fb-babc-c190213a1f64/tasks Query: {} Body: {}\n',
  level: 'info',
  timestamp: '2020-10-19T17:53:45.749Z'
}
{
  message: 'GET 200 /boards Query: {} Body: {}\n',
  level: 'info',
  timestamp: '2020-10-19T17:53:45.761Z'
}
{
  message: 'GET 200 /boards/3a5230c8-1711-49fb-babc-c190213a1f64/tasks/0ba3f74a-55b5-4e57-bd15-7b05c8a12bce Query: {} Body: {}\n',
  level: 'info',
  timestamp: '2020-10-19T17:53:45.763Z'
}
{
  message: 'POST 200 /boards/3a5230c8-1711-49fb-babc-c190213a1f64/tasks Query: {} Body: {"title":"Autotest task","order":0,"description":"Lorem ipsum","userId":null,"boardId":null,"columnId":null}\n',
  level: 'info',
  timestamp: '2020-10-19T17:53:45.768Z'
}
{
  message: 'GET 200 /boards Query: {} Body: {}\n',
  level: 'info',
  timestamp: '2020-10-19T17:53:45.777Z'
}
{
  message: 'DELETE 200 /boards/3a5230c8-1711-49fb-babc-c190213a1f64/tasks/2a374a91-9e13-4d2c-8d4b-ebb566dbf9e3 Query: {} Body: {}\n',
  level: 'info',
  timestamp: '2020-10-19T17:53:45.779Z'
}
{
  message: 'GET 200 /boards/70303a31-99c3-453c-b41d-eb0ec9eda541 Query: {} Body: {}\n',
  level: 'info',
  timestamp: '2020-10-19T17:53:45.781Z'
}
{
  message: 'POST 200 /boards/3a5230c8-1711-49fb-babc-c190213a1f64/tasks Query: {} Body: {"title":"Autotest task","order":0,"description":"Lorem ipsum","userId":null,"boardId":null,"columnId":null}\n',
  level: 'info',
  timestamp: '2020-10-19T17:53:45.783Z'
}
{
  message: 'PUT 200 /boards/3a5230c8-1711-49fb-babc-c190213a1f64/tasks/acf6234f-f16b-42e7-8524-c62547d29e9c Query: {} Body: {"id":"acf6234f-f16b-42e7-8524-c62547d29e9c","title":"Autotest updated task","order":0,"description":"Lorem ipsum","userId":null,"boardId":"3a5230c8-1711-49fb-babc-c190213a1f64","columnId":null}\n',
  level: 'info',
  timestamp: '2020-10-19T17:53:45.793Z'
}
{
  message: 'POST 200 /boards Query: {} Body: {"title":"Autotest board","columns":[{"title":"Backlog","order":1},{"title":"Sprint","order":2}]}\n',
  level: 'info',
  timestamp: '2020-10-19T17:53:45.795Z'
}
{
  message: 'GET 200 /boards/3a5230c8-1711-49fb-babc-c190213a1f64/tasks/acf6234f-f16b-42e7-8524-c62547d29e9c Query: {} Body: {}\n',
  level: 'info',
  timestamp: '2020-10-19T17:53:45.798Z'
}
{
  message: 'DELETE 204 /boards/fdefebd5-0588-4f6a-bf87-c575f5f73e31 Query: {} Body: {}\n',
  level: 'info',
  timestamp: '2020-10-19T17:53:45.810Z'
}
{
  message: 'GET 200 /boards/3a5230c8-1711-49fb-babc-c190213a1f64/tasks/0ba3f74a-55b5-4e57-bd15-7b05c8a12bce Query: {} Body: {}\n',
  level: 'info',
  timestamp: '2020-10-19T17:53:45.812Z'
}
{
  message: 'POST 200 /boards Query: {} Body: {"title":"Autotest board","columns":[{"title":"Backlog","order":1},{"title":"Sprint","order":2}]}\n',
  level: 'info',
  timestamp: '2020-10-19T17:53:45.814Z'
}
{
  message: 'DELETE 200 /boards/3a5230c8-1711-49fb-babc-c190213a1f64/tasks/0ba3f74a-55b5-4e57-bd15-7b05c8a12bce Query: {} Body: {}\n',
  level: 'info',
  timestamp: '2020-10-19T17:53:45.817Z'
}
{
  message: 'PUT 200 /boards/659dc683-af5c-4b31-b273-7e0be432838c Query: {} Body: {"id":"659dc683-af5c-4b31-b273-7e0be432838c","title":"Autotest updated board","columns":[{"title":"Backlog","order":1},{"title":"Sprint","order":2}]}\n',
  level: 'info',
  timestamp: '2020-10-19T17:53:45.819Z'
}
{
  message: 'GET 404 /boards/3a5230c8-1711-49fb-babc-c190213a1f64/tasks/0ba3f74a-55b5-4e57-bd15-7b05c8a12bce Query: {} Body: {}\n',
  level: 'info',
  timestamp: '2020-10-19T17:53:45.821Z'
}
{
  message: 'GET 200 /boards/659dc683-af5c-4b31-b273-7e0be432838c Query: {} Body: {}\n',
  level: 'info',
  timestamp: '2020-10-19T17:53:45.823Z'
}
{
  message: 'DELETE 204 /boards/3a5230c8-1711-49fb-babc-c190213a1f64 Query: {} Body: {}\n',
  level: 'info',
  timestamp: '2020-10-19T17:53:45.824Z'
}
{
  message: 'DELETE 204 /boards/659dc683-af5c-4b31-b273-7e0be432838c Query: {} Body: {}\n',
  level: 'info',
  timestamp: '2020-10-19T17:53:45.826Z'
}
{
  message: 'POST 200 /boards Query: {} Body: {"title":"Autotest board","columns":[{"title":"Backlog","order":1},{"title":"Sprint","order":2}]}\n',
  level: 'info',
  timestamp: '2020-10-19T17:53:45.829Z'
}
{
  message: 'DELETE 204 /boards/9466df18-5e43-44aa-8127-c2247833e4ea Query: {} Body: {}\n',
  level: 'info',
  timestamp: '2020-10-19T17:53:45.831Z'
}
{
  message: 'GET 404 /boards/9466df18-5e43-44aa-8127-c2247833e4ea Query: {} Body: {}\n',
  level: 'info',
  timestamp: '2020-10-19T17:53:45.834Z'
}
{
  message: 'POST 200 /boards Query: {} Body: {"title":"Autotest board","columns":[{"title":"Backlog","order":1},{"title":"Sprint","order":2}]}\n',
  level: 'info',
  timestamp: '2020-10-19T17:53:45.840Z'
}
{
  message: 'POST 200 /boards/db770da0-c0a3-41a6-b716-7316538bdc14/tasks Query: {} Body: {"title":"Task #1","order":1,"description":"Lorem ipsum","boardId":"db770da0-c0a3-41a6-b716-7316538bdc14","userId":null,"columnId":null}\n',
  level: 'info',
  timestamp: '2020-10-19T17:53:45.843Z'
}
{
  message: 'POST 200 /boards/db770da0-c0a3-41a6-b716-7316538bdc14/tasks Query: {} Body: {"title":"Task #2","order":2,"description":"Lorem ipsum","boardId":"db770da0-c0a3-41a6-b716-7316538bdc14","userId":null,"columnId":null}\n',
  level: 'info',
  timestamp: '2020-10-19T17:53:45.845Z'
}
{
  message: 'POST 200 /boards/db770da0-c0a3-41a6-b716-7316538bdc14/tasks Query: {} Body: {"title":"Task #3","order":3,"description":"Lorem ipsum","boardId":"db770da0-c0a3-41a6-b716-7316538bdc14","userId":null,"columnId":null}\n',
  level: 'info',
  timestamp: '2020-10-19T17:53:45.847Z'
}
{
  message: 'POST 200 /boards/db770da0-c0a3-41a6-b716-7316538bdc14/tasks Query: {} Body: {"title":"Task #4","order":4,"description":"Lorem ipsum","boardId":"db770da0-c0a3-41a6-b716-7316538bdc14","userId":null,"columnId":null}\n',
  level: 'info',
  timestamp: '2020-10-19T17:53:45.858Z'
}
{
  message: 'POST 200 /boards/db770da0-c0a3-41a6-b716-7316538bdc14/tasks Query: {} Body: {"title":"Task #5","order":5,"description":"Lorem ipsum","boardId":"db770da0-c0a3-41a6-b716-7316538bdc14","userId":null,"columnId":null}\n',
  level: 'info',
  timestamp: '2020-10-19T17:53:45.860Z'
}
{
  message: 'GET 200 /users Query: {} Body: {}\n',
  level: 'info',
  timestamp: '2020-10-19T17:53:45.862Z'
}
{
  message: 'GET 200 /boards/db770da0-c0a3-41a6-b716-7316538bdc14/tasks/f0921f66-11f3-4c46-b3b4-d4193d2a64a4 Query: {} Body: {}\n',
  level: 'info',
  timestamp: '2020-10-19T17:53:45.864Z'
}
{
  message: 'GET 200 /boards/db770da0-c0a3-41a6-b716-7316538bdc14/tasks/72df8321-196a-4c7c-9860-91ec0c994794 Query: {} Body: {}\n',
  level: 'info',
  timestamp: '2020-10-19T17:53:45.866Z'
}
{
  message: 'GET 200 /boards/db770da0-c0a3-41a6-b716-7316538bdc14/tasks/4b8f4338-0448-4632-ac90-379cde613f37 Query: {} Body: {}\n',
  level: 'info',
  timestamp: '2020-10-19T17:53:45.868Z'
}
{
  message: 'GET 200 /boards/db770da0-c0a3-41a6-b716-7316538bdc14/tasks/fcb0b951-12ba-4c6e-a49e-e4f58e873112 Query: {} Body: {}\n',
  level: 'info',
  timestamp: '2020-10-19T17:53:45.869Z'
}
{
  message: 'GET 200 /boards/db770da0-c0a3-41a6-b716-7316538bdc14/tasks/055039b7-ff7e-483c-a80f-99c8e562a6ae Query: {} Body: {}\n',
  level: 'info',
  timestamp: '2020-10-19T17:53:45.871Z'
}
{
  message: 'POST 200 /users Query: {} Body: {"name":"TEST_USER","login":"test_user","password":"T35t_P@55w0rd"}\n',
  level: 'info',
  timestamp: '2020-10-19T17:53:45.881Z'
}
{
  message: 'DELETE 204 /boards/db770da0-c0a3-41a6-b716-7316538bdc14 Query: {} Body: {}\n',
  level: 'info',
  timestamp: '2020-10-19T17:53:45.894Z'
}
{
  message: 'GET 200 /users/0d1c55ba-fca0-4096-b3de-8f479b1efe75 Query: {} Body: {}\n',
  level: 'info',
  timestamp: '2020-10-19T17:53:45.911Z'
}
{
  message: 'GET 404 /boards/db770da0-c0a3-41a6-b716-7316538bdc14/tasks/f0921f66-11f3-4c46-b3b4-d4193d2a64a4 Query: {} Body: {}\n',
  level: 'info',
  timestamp: '2020-10-19T17:53:45.928Z'
}
{
  message: 'GET 404 /boards/db770da0-c0a3-41a6-b716-7316538bdc14/tasks/72df8321-196a-4c7c-9860-91ec0c994794 Query: {} Body: {}\n',
  level: 'info',
  timestamp: '2020-10-19T17:53:45.930Z'
}
{
  message: 'GET 404 /boards/db770da0-c0a3-41a6-b716-7316538bdc14/tasks/4b8f4338-0448-4632-ac90-379cde613f37 Query: {} Body: {}\n',
  level: 'info',
  timestamp: '2020-10-19T17:53:45.934Z'
}
{
  message: 'GET 404 /boards/db770da0-c0a3-41a6-b716-7316538bdc14/tasks/fcb0b951-12ba-4c6e-a49e-e4f58e873112 Query: {} Body: {}\n',
  level: 'info',
  timestamp: '2020-10-19T17:53:45.935Z'
}
{
  message: 'GET 404 /boards/db770da0-c0a3-41a6-b716-7316538bdc14/tasks/055039b7-ff7e-483c-a80f-99c8e562a6ae Query: {} Body: {}\n',
  level: 'info',
  timestamp: '2020-10-19T17:53:45.937Z'
}
{
  message: 'DELETE 204 /users/0d1c55ba-fca0-4096-b3de-8f479b1efe75 Query: {} Body: {}\n',
  level: 'info',
  timestamp: '2020-10-19T17:53:45.939Z'
}
{
  message: 'DELETE 204 /boards/9c22b027-6fd6-47cd-a5f0-e4ce1e81dffa Query: {} Body: {}\n',
  level: 'info',
  timestamp: '2020-10-19T17:53:45.940Z'
}
{
  message: 'POST 200 /users Query: {} Body: {"name":"TEST_USER","login":"test_user","password":"T35t_P@55w0rd"}\n',
  level: 'info',
  timestamp: '2020-10-19T17:53:45.941Z'
}
{
  message: 'DELETE 204 /users/cd4bb2da-f139-400d-a78a-e97ab57a4176 Query: {} Body: {}\n',
  level: 'info',
  timestamp: '2020-10-19T17:53:45.946Z'
}
{
  message: 'POST 200 /users Query: {} Body: {"name":"TEST_USER","login":"test_user","password":"T35t_P@55w0rd"}\n',
  level: 'info',
  timestamp: '2020-10-19T17:53:45.948Z'
}
{
  message: 'PUT 200 /users/6e93fe68-33e4-4a30-a820-7ec281fa518e Query: {} Body: {"name":"Autotest updated TEST_USER","login":"test_user","password":"T35t_P@55w0rd","id":"6e93fe68-33e4-4a30-a820-7ec281fa518e"}\n',
  level: 'info',
  timestamp: '2020-10-19T17:53:45.950Z'
}
{
  message: 'GET 200 /users/6e93fe68-33e4-4a30-a820-7ec281fa518e Query: {} Body: {}\n',
  level: 'info',
  timestamp: '2020-10-19T17:53:45.955Z'
}
{
  message: 'DELETE 204 /users/6e93fe68-33e4-4a30-a820-7ec281fa518e Query: {} Body: {}\n',
  level: 'info',
  timestamp: '2020-10-19T17:53:45.957Z'
}
{
  message: 'POST 200 /users Query: {} Body: {"name":"TEST_USER","login":"test_user","password":"T35t_P@55w0rd"}\n',
  level: 'info',
  timestamp: '2020-10-19T17:53:45.959Z'
}
{
  message: 'DELETE 204 /users/5a9195d3-a72d-4112-8854-3ad4b5f33a12 Query: {} Body: {}\n',
  level: 'info',
  timestamp: '2020-10-19T17:53:45.960Z'
}
{
  message: 'POST 200 /users Query: {} Body: {"name":"TEST_USER","login":"test_user","password":"T35t_P@55w0rd"}\n',
  level: 'info',
  timestamp: '2020-10-19T17:53:45.963Z'
}
{
  message: 'POST 200 /boards Query: {} Body: {"title":"Autotest board","columns":[{"title":"Backlog","order":1},{"title":"Sprint","order":2}]}\n',
  level: 'info',
  timestamp: '2020-10-19T17:53:45.964Z'
}
{
  message: 'POST 200 /boards/3e5d75a7-4018-4ef7-90b3-3b03a0fc1d69/tasks Query: {} Body: {"title":"Task #1","order":1,"description":"Lorem ipsum","userId":"ce816588-f924-41a6-b39d-dcac7dc00f43","boardId":"3e5d75a7-4018-4ef7-90b3-3b03a0fc1d69"}\n',
  level: 'info',
  timestamp: '2020-10-19T17:53:45.966Z'
}
{
  message: 'POST 200 /boards/3e5d75a7-4018-4ef7-90b3-3b03a0fc1d69/tasks Query: {} Body: {"title":"Task #2","order":2,"description":"Lorem ipsum","userId":"ce816588-f924-41a6-b39d-dcac7dc00f43","boardId":"3e5d75a7-4018-4ef7-90b3-3b03a0fc1d69"}\n',
  level: 'info',
  timestamp: '2020-10-19T17:53:45.974Z'
}
{
  message: 'DELETE 204 /users/ce816588-f924-41a6-b39d-dcac7dc00f43 Query: {} Body: {}\n',
  level: 'info',
  timestamp: '2020-10-19T17:53:45.977Z'
}
{
  message: 'GET 200 /boards/3e5d75a7-4018-4ef7-90b3-3b03a0fc1d69/tasks/b3dce881-5e51-4f99-ae74-623c6182422b Query: {} Body: {}\n',
  level: 'info',
  timestamp: '2020-10-19T17:53:45.979Z'
}
{
  message: 'GET 200 /boards/3e5d75a7-4018-4ef7-90b3-3b03a0fc1d69/tasks/9879d7fd-6973-41fa-a836-90519392c68a Query: {} Body: {}\n',
  level: 'info',
  timestamp: '2020-10-19T17:53:45.980Z'
}
{
  message: 'DELETE 200 /boards/3e5d75a7-4018-4ef7-90b3-3b03a0fc1d69/tasks/b3dce881-5e51-4f99-ae74-623c6182422b Query: {} Body: {}\n',
  level: 'info',
  timestamp: '2020-10-19T17:53:45.982Z'
}
{
  message: 'DELETE 200 /boards/3e5d75a7-4018-4ef7-90b3-3b03a0fc1d69/tasks/9879d7fd-6973-41fa-a836-90519392c68a Query: {} Body: {}\n',
  level: 'info',
  timestamp: '2020-10-19T17:53:45.984Z'
}
{
  message: 'DELETE 204 /boards/3e5d75a7-4018-4ef7-90b3-3b03a0fc1d69 Query: {} Body: {}\n',
  level: 'info',
  timestamp: '2020-10-19T17:53:45.985Z'
}
{
  message: 'GET 404 /favicon.ico Query: {} Body: {}\n',
  level: 'info',
  timestamp: '2020-10-19T18:04:27.832Z'
}
{
  message: 'GET 200 /users Query: {} Body: {}\n',
  level: 'info',
  timestamp: '2020-10-19T18:05:22.526Z'
}
{
  message: 'POST 200 /users Query: {} Body: {"name":"string","login":"string","password":"string"}\n',
  level: 'info',
  timestamp: '2020-10-19T18:05:32.616Z'
}
{
  message: 'POST 200 /users Query: {} Body: {"name":"string","login":"string","password":"string"}\n',
  level: 'info',
  timestamp: '2020-10-19T18:05:33.994Z'
}
{"message":"POST 200 /boards Query: {} Body: {\"title\":\"Autotest board\",\"columns\":[{\"title\":\"Backlog\",\"order\":1},{\"title\":\"Sprint\",\"order\":2}]}\n","level":"info"}
{"message":"POST 200 /boards Query: {} Body: {\"title\":\"Autotest board\",\"columns\":[{\"title\":\"Backlog\",\"order\":1},{\"title\":\"Sprint\",\"order\":2}]}\n","level":"info"}
{"message":"POST 200 /boards/c97ebdb0-5f44-43d9-b68b-e89347f3a289/tasks Query: {} Body: {\"title\":\"Autotest task\",\"order\":0,\"description\":\"Lorem ipsum\",\"userId\":null,\"boardId\":null,\"columnId\":null}\n","level":"info"}
{"message":"GET 200 /boards/c97ebdb0-5f44-43d9-b68b-e89347f3a289/tasks Query: {} Body: {}\n","level":"info"}
{"message":"GET 200 /boards Query: {} Body: {}\n","level":"info"}
{"message":"GET 200 /boards/c97ebdb0-5f44-43d9-b68b-e89347f3a289/tasks Query: {} Body: {}\n","level":"info"}
{"message":"GET 200 /boards Query: {} Body: {}\n","level":"info"}
{"message":"GET 200 /boards/c97ebdb0-5f44-43d9-b68b-e89347f3a289/tasks/8475f944-9763-48f9-95e5-097eb3e60daa Query: {} Body: {}\n","level":"info"}
{"message":"GET 200 /boards/c24900e5-f981-49cc-8111-3e1583422b64 Query: {} Body: {}\n","level":"info"}
{"message":"POST 200 /boards/c97ebdb0-5f44-43d9-b68b-e89347f3a289/tasks Query: {} Body: {\"title\":\"Autotest task\",\"order\":0,\"description\":\"Lorem ipsum\",\"userId\":null,\"boardId\":null,\"columnId\":null}\n","level":"info"}
{"message":"POST 200 /boards Query: {} Body: {\"title\":\"Autotest board\",\"columns\":[{\"title\":\"Backlog\",\"order\":1},{\"title\":\"Sprint\",\"order\":2}]}\n","level":"info"}
{"message":"DELETE 200 /boards/c97ebdb0-5f44-43d9-b68b-e89347f3a289/tasks/156dae9c-2212-4214-89e1-ae361d6b9e12 Query: {} Body: {}\n","level":"info"}
{"message":"DELETE 204 /boards/4032a05a-c31e-4137-9c8f-5c0cf471faaa Query: {} Body: {}\n","level":"info"}
{"message":"POST 200 /boards/c97ebdb0-5f44-43d9-b68b-e89347f3a289/tasks Query: {} Body: {\"title\":\"Autotest task\",\"order\":0,\"description\":\"Lorem ipsum\",\"userId\":null,\"boardId\":null,\"columnId\":null}\n","level":"info"}
{"message":"POST 200 /boards Query: {} Body: {\"title\":\"Autotest board\",\"columns\":[{\"title\":\"Backlog\",\"order\":1},{\"title\":\"Sprint\",\"order\":2}]}\n","level":"info"}
{"message":"PUT 200 /boards/c97ebdb0-5f44-43d9-b68b-e89347f3a289/tasks/f4b818de-0dbd-4233-a693-cf22fcb304eb Query: {} Body: {\"id\":\"f4b818de-0dbd-4233-a693-cf22fcb304eb\",\"title\":\"Autotest updated task\",\"order\":0,\"description\":\"Lorem ipsum\",\"userId\":null,\"boardId\":\"c97ebdb0-5f44-43d9-b68b-e89347f3a289\",\"columnId\":null}\n","level":"info"}
{"message":"PUT 200 /boards/b0fc053b-080d-49ca-901c-91e9668afd7f Query: {} Body: {\"id\":\"b0fc053b-080d-49ca-901c-91e9668afd7f\",\"title\":\"Autotest updated board\",\"columns\":[{\"title\":\"Backlog\",\"order\":1},{\"title\":\"Sprint\",\"order\":2}]}\n","level":"info"}
{"message":"GET 200 /boards/c97ebdb0-5f44-43d9-b68b-e89347f3a289/tasks/f4b818de-0dbd-4233-a693-cf22fcb304eb Query: {} Body: {}\n","level":"info"}
{"message":"GET 200 /boards/b0fc053b-080d-49ca-901c-91e9668afd7f Query: {} Body: {}\n","level":"info"}
{"message":"GET 200 /boards/c97ebdb0-5f44-43d9-b68b-e89347f3a289/tasks/8475f944-9763-48f9-95e5-097eb3e60daa Query: {} Body: {}\n","level":"info"}
{"message":"GET 200 /users Query: {} Body: {}\n","level":"info"}
{"message":"DELETE 204 /boards/b0fc053b-080d-49ca-901c-91e9668afd7f Query: {} Body: {}\n","level":"info"}
{"message":"DELETE 200 /boards/c97ebdb0-5f44-43d9-b68b-e89347f3a289/tasks/8475f944-9763-48f9-95e5-097eb3e60daa Query: {} Body: {}\n","level":"info"}
{"message":"POST 200 /boards Query: {} Body: {\"title\":\"Autotest board\",\"columns\":[{\"title\":\"Backlog\",\"order\":1},{\"title\":\"Sprint\",\"order\":2}]}\n","level":"info"}
{"message":"GET 404 /boards/c97ebdb0-5f44-43d9-b68b-e89347f3a289/tasks/8475f944-9763-48f9-95e5-097eb3e60daa Query: {} Body: {}\n","level":"info"}
{"message":"DELETE 204 /boards/317d28a7-0dbb-4331-89f4-9ab92b10f308 Query: {} Body: {}\n","level":"info"}
{"message":"POST 200 /users Query: {} Body: {\"name\":\"TEST_USER\",\"login\":\"test_user\",\"password\":\"T35t_P@55w0rd\"}\n","level":"info"}
{"message":"DELETE 204 /boards/c97ebdb0-5f44-43d9-b68b-e89347f3a289 Query: {} Body: {}\n","level":"info"}
{"message":"GET 404 /boards/317d28a7-0dbb-4331-89f4-9ab92b10f308 Query: {} Body: {}\n","level":"info"}
{"message":"GET 200 /users/61c96dcd-85c0-42f4-853f-bb54e573b48d Query: {} Body: {}\n","level":"info"}
{"message":"POST 200 /boards Query: {} Body: {\"title\":\"Autotest board\",\"columns\":[{\"title\":\"Backlog\",\"order\":1},{\"title\":\"Sprint\",\"order\":2}]}\n","level":"info"}
{"message":"DELETE 204 /users/61c96dcd-85c0-42f4-853f-bb54e573b48d Query: {} Body: {}\n","level":"info"}
{"message":"POST 200 /boards/b7bd2ee4-54f1-446c-84af-ebe81a33e97b/tasks Query: {} Body: {\"title\":\"Task #1\",\"order\":1,\"description\":\"Lorem ipsum\",\"boardId\":\"b7bd2ee4-54f1-446c-84af-ebe81a33e97b\",\"userId\":null,\"columnId\":null}\n","level":"info"}
{"message":"POST 200 /boards/b7bd2ee4-54f1-446c-84af-ebe81a33e97b/tasks Query: {} Body: {\"title\":\"Task #2\",\"order\":2,\"description\":\"Lorem ipsum\",\"boardId\":\"b7bd2ee4-54f1-446c-84af-ebe81a33e97b\",\"userId\":null,\"columnId\":null}\n","level":"info"}
{"message":"POST 200 /boards/b7bd2ee4-54f1-446c-84af-ebe81a33e97b/tasks Query: {} Body: {\"title\":\"Task #3\",\"order\":3,\"description\":\"Lorem ipsum\",\"boardId\":\"b7bd2ee4-54f1-446c-84af-ebe81a33e97b\",\"userId\":null,\"columnId\":null}\n","level":"info"}
{"message":"POST 200 /boards/b7bd2ee4-54f1-446c-84af-ebe81a33e97b/tasks Query: {} Body: {\"title\":\"Task #4\",\"order\":4,\"description\":\"Lorem ipsum\",\"boardId\":\"b7bd2ee4-54f1-446c-84af-ebe81a33e97b\",\"userId\":null,\"columnId\":null}\n","level":"info"}
{"message":"POST 200 /boards/b7bd2ee4-54f1-446c-84af-ebe81a33e97b/tasks Query: {} Body: {\"title\":\"Task #5\",\"order\":5,\"description\":\"Lorem ipsum\",\"boardId\":\"b7bd2ee4-54f1-446c-84af-ebe81a33e97b\",\"userId\":null,\"columnId\":null}\n","level":"info"}
{"message":"POST 200 /users Query: {} Body: {\"name\":\"TEST_USER\",\"login\":\"test_user\",\"password\":\"T35t_P@55w0rd\"}\n","level":"info"}
{"message":"GET 200 /boards/b7bd2ee4-54f1-446c-84af-ebe81a33e97b/tasks/b2566682-2539-4ff2-bfac-2fa41e9b3389 Query: {} Body: {}\n","level":"info"}
{"message":"GET 200 /boards/b7bd2ee4-54f1-446c-84af-ebe81a33e97b/tasks/12de47cf-15dc-40f7-bcf8-fb59d32cb017 Query: {} Body: {}\n","level":"info"}
{"message":"GET 200 /boards/b7bd2ee4-54f1-446c-84af-ebe81a33e97b/tasks/a3db8b1d-1831-41e6-ba43-674abf641c19 Query: {} Body: {}\n","level":"info"}
{"message":"GET 200 /boards/b7bd2ee4-54f1-446c-84af-ebe81a33e97b/tasks/ce3ff182-5cb5-4305-837e-45c752f4257f Query: {} Body: {}\n","level":"info"}
{"message":"GET 200 /boards/b7bd2ee4-54f1-446c-84af-ebe81a33e97b/tasks/46cdbbf3-d0f6-4ce8-b3ca-12a9cf5ffc34 Query: {} Body: {}\n","level":"info"}
{"message":"DELETE 204 /users/3846bf48-f01e-4e66-8f1b-3b7eaec7a6a2 Query: {} Body: {}\n","level":"info"}
{"message":"DELETE 204 /boards/b7bd2ee4-54f1-446c-84af-ebe81a33e97b Query: {} Body: {}\n","level":"info"}
{"message":"POST 200 /users Query: {} Body: {\"name\":\"TEST_USER\",\"login\":\"test_user\",\"password\":\"T35t_P@55w0rd\"}\n","level":"info"}
{"message":"GET 404 /boards/b7bd2ee4-54f1-446c-84af-ebe81a33e97b/tasks/b2566682-2539-4ff2-bfac-2fa41e9b3389 Query: {} Body: {}\n","level":"info"}
{"message":"GET 404 /boards/b7bd2ee4-54f1-446c-84af-ebe81a33e97b/tasks/12de47cf-15dc-40f7-bcf8-fb59d32cb017 Query: {} Body: {}\n","level":"info"}
{"message":"GET 404 /boards/b7bd2ee4-54f1-446c-84af-ebe81a33e97b/tasks/a3db8b1d-1831-41e6-ba43-674abf641c19 Query: {} Body: {}\n","level":"info"}
{"message":"GET 404 /boards/b7bd2ee4-54f1-446c-84af-ebe81a33e97b/tasks/ce3ff182-5cb5-4305-837e-45c752f4257f Query: {} Body: {}\n","level":"info"}
{"message":"GET 404 /boards/b7bd2ee4-54f1-446c-84af-ebe81a33e97b/tasks/46cdbbf3-d0f6-4ce8-b3ca-12a9cf5ffc34 Query: {} Body: {}\n","level":"info"}
{"message":"PUT 200 /users/d28c539c-ae93-48bc-b129-52fcdfc38e44 Query: {} Body: {\"name\":\"Autotest updated TEST_USER\",\"login\":\"test_user\",\"password\":\"T35t_P@55w0rd\",\"id\":\"d28c539c-ae93-48bc-b129-52fcdfc38e44\"}\n","level":"info"}
{"message":"DELETE 204 /boards/6ddc6d31-4e95-4d84-83e7-ff21d58835f8 Query: {} Body: {}\n","level":"info"}
{"message":"GET 200 /users/d28c539c-ae93-48bc-b129-52fcdfc38e44 Query: {} Body: {}\n","level":"info"}
{"message":"DELETE 204 /users/d28c539c-ae93-48bc-b129-52fcdfc38e44 Query: {} Body: {}\n","level":"info"}
{"message":"POST 200 /users Query: {} Body: {\"name\":\"TEST_USER\",\"login\":\"test_user\",\"password\":\"T35t_P@55w0rd\"}\n","level":"info"}
{"message":"DELETE 204 /users/4d3ff42e-c85b-4b15-a422-9be1a85f98b4 Query: {} Body: {}\n","level":"info"}
{"message":"POST 200 /users Query: {} Body: {\"name\":\"TEST_USER\",\"login\":\"test_user\",\"password\":\"T35t_P@55w0rd\"}\n","level":"info"}
{"message":"POST 200 /boards Query: {} Body: {\"title\":\"Autotest board\",\"columns\":[{\"title\":\"Backlog\",\"order\":1},{\"title\":\"Sprint\",\"order\":2}]}\n","level":"info"}
{"message":"POST 200 /boards/ad428f0c-8183-4997-a719-a5170e4434f5/tasks Query: {} Body: {\"title\":\"Task #1\",\"order\":1,\"description\":\"Lorem ipsum\",\"userId\":\"3da4f19d-7851-4e2e-af24-6eeb4672980a\",\"boardId\":\"ad428f0c-8183-4997-a719-a5170e4434f5\"}\n","level":"info"}
{"message":"POST 200 /boards/ad428f0c-8183-4997-a719-a5170e4434f5/tasks Query: {} Body: {\"title\":\"Task #2\",\"order\":2,\"description\":\"Lorem ipsum\",\"userId\":\"3da4f19d-7851-4e2e-af24-6eeb4672980a\",\"boardId\":\"ad428f0c-8183-4997-a719-a5170e4434f5\"}\n","level":"info"}
{"message":"DELETE 204 /users/3da4f19d-7851-4e2e-af24-6eeb4672980a Query: {} Body: {}\n","level":"info"}
{"message":"GET 200 /boards/ad428f0c-8183-4997-a719-a5170e4434f5/tasks/6b966672-e3f3-4339-b60d-28071630a8c3 Query: {} Body: {}\n","level":"info"}
{"message":"GET 200 /boards/ad428f0c-8183-4997-a719-a5170e4434f5/tasks/d5986fb7-3df5-4415-9bab-cbc3653e64c9 Query: {} Body: {}\n","level":"info"}
{"message":"DELETE 200 /boards/ad428f0c-8183-4997-a719-a5170e4434f5/tasks/6b966672-e3f3-4339-b60d-28071630a8c3 Query: {} Body: {}\n","level":"info"}
{"message":"DELETE 200 /boards/ad428f0c-8183-4997-a719-a5170e4434f5/tasks/d5986fb7-3df5-4415-9bab-cbc3653e64c9 Query: {} Body: {}\n","level":"info"}
{"message":"DELETE 204 /boards/ad428f0c-8183-4997-a719-a5170e4434f5 Query: {} Body: {}\n","level":"info"}
info: POST 200 /boards Query: {} Body: {"title":"Autotest board","columns":[{"title":"Backlog","order":1},{"title":"Sprint","order":2}]}

info: GET 200 /users Query: {} Body: {}

info: GET 200 /boards Query: {} Body: {}

info: GET 200 /boards Query: {} Body: {}

info: POST 200 /users Query: {} Body: {"name":"TEST_USER","login":"test_user","password":"T35t_P@55w0rd"}

info: GET 200 /boards/032643f7-3b56-4fe5-a36b-cc13106851b1 Query: {} Body: {}

info: GET 200 /users/256a0088-4f6e-48e4-b3ea-e77a18696a2c Query: {} Body: {}

info: POST 200 /boards Query: {} Body: {"title":"Autotest board","columns":[{"title":"Backlog","order":1},{"title":"Sprint","order":2}]}

info: DELETE 204 /users/256a0088-4f6e-48e4-b3ea-e77a18696a2c Query: {} Body: {}

info: DELETE 204 /boards/186654e3-af9a-4cc0-977a-318216e89380 Query: {} Body: {}

info: POST 200 /users Query: {} Body: {"name":"TEST_USER","login":"test_user","password":"T35t_P@55w0rd"}

info: POST 200 /boards Query: {} Body: {"title":"Autotest board","columns":[{"title":"Backlog","order":1},{"title":"Sprint","order":2}]}

info: PUT 200 /boards/1d95482c-fc5a-4ba4-be96-8e2b36fa73e1 Query: {} Body: {"id":"1d95482c-fc5a-4ba4-be96-8e2b36fa73e1","title":"Autotest updated board","columns":[{"title":"Backlog","order":1},{"title":"Sprint","order":2}]}

info: DELETE 204 /users/f4031c31-5a57-4301-a548-1a235d1b6bb0 Query: {} Body: {}

info: GET 200 /boards/1d95482c-fc5a-4ba4-be96-8e2b36fa73e1 Query: {} Body: {}

info: POST 200 /users Query: {} Body: {"name":"TEST_USER","login":"test_user","password":"T35t_P@55w0rd"}

info: DELETE 204 /boards/1d95482c-fc5a-4ba4-be96-8e2b36fa73e1 Query: {} Body: {}

info: PUT 200 /users/2297dbec-6509-48a3-b665-55cff13ebb04 Query: {} Body: {"name":"Autotest updated TEST_USER","login":"test_user","password":"T35t_P@55w0rd","id":"2297dbec-6509-48a3-b665-55cff13ebb04"}

info: POST 200 /boards Query: {} Body: {"title":"Autotest board","columns":[{"title":"Backlog","order":1},{"title":"Sprint","order":2}]}

info: GET 200 /users/2297dbec-6509-48a3-b665-55cff13ebb04 Query: {} Body: {}

info: DELETE 204 /boards/4494f630-7195-48ee-a06f-5b21706a4455 Query: {} Body: {}

info: DELETE 204 /users/2297dbec-6509-48a3-b665-55cff13ebb04 Query: {} Body: {}

info: GET 404 /boards/4494f630-7195-48ee-a06f-5b21706a4455 Query: {} Body: {}

info: POST 200 /users Query: {} Body: {"name":"TEST_USER","login":"test_user","password":"T35t_P@55w0rd"}

info: POST 200 /boards Query: {} Body: {"title":"Autotest board","columns":[{"title":"Backlog","order":1},{"title":"Sprint","order":2}]}

info: DELETE 204 /users/8706a327-6997-4e83-9917-e8ffa898fe0d Query: {} Body: {}

info: POST 200 /boards Query: {} Body: {"title":"Autotest board","columns":[{"title":"Backlog","order":1},{"title":"Sprint","order":2}]}

info: POST 200 /boards/2d5305af-f3be-429d-b7a8-af983f14e1fb/tasks Query: {} Body: {"title":"Task #1","order":1,"description":"Lorem ipsum","boardId":"2d5305af-f3be-429d-b7a8-af983f14e1fb","userId":null,"columnId":null}

info: POST 200 /boards/2d5305af-f3be-429d-b7a8-af983f14e1fb/tasks Query: {} Body: {"title":"Task #2","order":2,"description":"Lorem ipsum","boardId":"2d5305af-f3be-429d-b7a8-af983f14e1fb","userId":null,"columnId":null}

info: POST 200 /boards/2d5305af-f3be-429d-b7a8-af983f14e1fb/tasks Query: {} Body: {"title":"Task #3","order":3,"description":"Lorem ipsum","boardId":"2d5305af-f3be-429d-b7a8-af983f14e1fb","userId":null,"columnId":null}

info: POST 200 /boards/2d5305af-f3be-429d-b7a8-af983f14e1fb/tasks Query: {} Body: {"title":"Task #4","order":4,"description":"Lorem ipsum","boardId":"2d5305af-f3be-429d-b7a8-af983f14e1fb","userId":null,"columnId":null}

info: POST 200 /boards/2d5305af-f3be-429d-b7a8-af983f14e1fb/tasks Query: {} Body: {"title":"Task #5","order":5,"description":"Lorem ipsum","boardId":"2d5305af-f3be-429d-b7a8-af983f14e1fb","userId":null,"columnId":null}

info: POST 200 /users Query: {} Body: {"name":"TEST_USER","login":"test_user","password":"T35t_P@55w0rd"}

info: POST 200 /boards/06673d31-aede-4a64-a66d-726ed86c3369/tasks Query: {} Body: {"title":"Autotest task","order":0,"description":"Lorem ipsum","userId":null,"boardId":null,"columnId":null}

info: GET 200 /boards/2d5305af-f3be-429d-b7a8-af983f14e1fb/tasks/ec480225-07ad-4d42-8009-051d5bb213ff Query: {} Body: {}

info: GET 200 /boards/2d5305af-f3be-429d-b7a8-af983f14e1fb/tasks/9c4e61d3-bdd4-466f-9e28-a491e7ede3a0 Query: {} Body: {}

info: GET 200 /boards/2d5305af-f3be-429d-b7a8-af983f14e1fb/tasks/064fdca9-25bb-4874-826e-506a6e7711d5 Query: {} Body: {}

info: GET 200 /boards/2d5305af-f3be-429d-b7a8-af983f14e1fb/tasks/dd452ba3-bdae-40fb-bcd8-fa9823c9c125 Query: {} Body: {}

info: GET 200 /boards/2d5305af-f3be-429d-b7a8-af983f14e1fb/tasks/2ab61062-c142-4e5b-a366-bcaa59d57115 Query: {} Body: {}

info: POST 200 /boards Query: {} Body: {"title":"Autotest board","columns":[{"title":"Backlog","order":1},{"title":"Sprint","order":2}]}

info: GET 200 /boards/06673d31-aede-4a64-a66d-726ed86c3369/tasks Query: {} Body: {}

info: DELETE 204 /boards/2d5305af-f3be-429d-b7a8-af983f14e1fb Query: {} Body: {}

info: POST 200 /boards/9ce80140-bba2-4cf4-9d3c-36bb89882598/tasks Query: {} Body: {"title":"Task #1","order":1,"description":"Lorem ipsum","userId":"e3a7a197-1495-45a3-a813-8ace34087b8e","boardId":"9ce80140-bba2-4cf4-9d3c-36bb89882598"}

info: POST 200 /boards/9ce80140-bba2-4cf4-9d3c-36bb89882598/tasks Query: {} Body: {"title":"Task #2","order":2,"description":"Lorem ipsum","userId":"e3a7a197-1495-45a3-a813-8ace34087b8e","boardId":"9ce80140-bba2-4cf4-9d3c-36bb89882598"}

info: GET 404 /boards/2d5305af-f3be-429d-b7a8-af983f14e1fb/tasks/ec480225-07ad-4d42-8009-051d5bb213ff Query: {} Body: {}

info: GET 404 /boards/2d5305af-f3be-429d-b7a8-af983f14e1fb/tasks/9c4e61d3-bdd4-466f-9e28-a491e7ede3a0 Query: {} Body: {}

info: GET 404 /boards/2d5305af-f3be-429d-b7a8-af983f14e1fb/tasks/064fdca9-25bb-4874-826e-506a6e7711d5 Query: {} Body: {}

info: GET 404 /boards/2d5305af-f3be-429d-b7a8-af983f14e1fb/tasks/dd452ba3-bdae-40fb-bcd8-fa9823c9c125 Query: {} Body: {}

info: GET 404 /boards/2d5305af-f3be-429d-b7a8-af983f14e1fb/tasks/2ab61062-c142-4e5b-a366-bcaa59d57115 Query: {} Body: {}

info: GET 200 /boards/06673d31-aede-4a64-a66d-726ed86c3369/tasks Query: {} Body: {}

info: DELETE 204 /users/e3a7a197-1495-45a3-a813-8ace34087b8e Query: {} Body: {}

info: DELETE 204 /boards/af58d625-205c-4b57-9fc9-6777bb8c5de7 Query: {} Body: {}

info: GET 200 /boards/06673d31-aede-4a64-a66d-726ed86c3369/tasks/f7fb7516-5eab-41c9-bfda-9412e8c0bd2a Query: {} Body: {}

info: GET 200 /boards/9ce80140-bba2-4cf4-9d3c-36bb89882598/tasks/4449ac59-0089-497b-a029-801fd808c1f4 Query: {} Body: {}

info: GET 200 /boards/9ce80140-bba2-4cf4-9d3c-36bb89882598/tasks/e15b396c-776e-4d67-a33d-88aac6b09698 Query: {} Body: {}

info: POST 200 /boards/06673d31-aede-4a64-a66d-726ed86c3369/tasks Query: {} Body: {"title":"Autotest task","order":0,"description":"Lorem ipsum","userId":null,"boardId":null,"columnId":null}

info: DELETE 200 /boards/9ce80140-bba2-4cf4-9d3c-36bb89882598/tasks/4449ac59-0089-497b-a029-801fd808c1f4 Query: {} Body: {}

info: DELETE 200 /boards/9ce80140-bba2-4cf4-9d3c-36bb89882598/tasks/e15b396c-776e-4d67-a33d-88aac6b09698 Query: {} Body: {}

info: DELETE 200 /boards/06673d31-aede-4a64-a66d-726ed86c3369/tasks/9df7fcc9-1928-4643-a86c-1d631fc64c31 Query: {} Body: {}

info: DELETE 204 /boards/9ce80140-bba2-4cf4-9d3c-36bb89882598 Query: {} Body: {}

info: POST 200 /boards/06673d31-aede-4a64-a66d-726ed86c3369/tasks Query: {} Body: {"title":"Autotest task","order":0,"description":"Lorem ipsum","userId":null,"boardId":null,"columnId":null}

info: PUT 200 /boards/06673d31-aede-4a64-a66d-726ed86c3369/tasks/d941cb53-ad7c-4a67-8b20-5884a652299e Query: {} Body: {"id":"d941cb53-ad7c-4a67-8b20-5884a652299e","title":"Autotest updated task","order":0,"description":"Lorem ipsum","userId":null,"boardId":"06673d31-aede-4a64-a66d-726ed86c3369","columnId":null}

info: GET 200 /boards/06673d31-aede-4a64-a66d-726ed86c3369/tasks/d941cb53-ad7c-4a67-8b20-5884a652299e Query: {} Body: {}

info: GET 200 /boards/06673d31-aede-4a64-a66d-726ed86c3369/tasks/f7fb7516-5eab-41c9-bfda-9412e8c0bd2a Query: {} Body: {}

info: DELETE 200 /boards/06673d31-aede-4a64-a66d-726ed86c3369/tasks/f7fb7516-5eab-41c9-bfda-9412e8c0bd2a Query: {} Body: {}

info: GET 404 /boards/06673d31-aede-4a64-a66d-726ed86c3369/tasks/f7fb7516-5eab-41c9-bfda-9412e8c0bd2a Query: {} Body: {}

info: DELETE 204 /boards/06673d31-aede-4a64-a66d-726ed86c3369 Query: {} Body: {}

info: GET 200 /users Query: {} Body: {}

info: POST 200 /boards Query: {} Body: {"title":"Autotest board","columns":[{"title":"Backlog","order":1},{"title":"Sprint","order":2}]}

info: POST 200 /users Query: {} Body: {"name":"TEST_USER","login":"test_user","password":"T35t_P@55w0rd"}

info: GET 200 /users/57595570-23de-4c45-9a51-3c7bf6c5dfc0 Query: {} Body: {}

info: GET 200 /boards Query: {} Body: {}

info: DELETE 204 /users/57595570-23de-4c45-9a51-3c7bf6c5dfc0 Query: {} Body: {}

info: POST 200 /users Query: {} Body: {"name":"TEST_USER","login":"test_user","password":"T35t_P@55w0rd"}

info: GET 200 /boards Query: {} Body: {}

info: DELETE 204 /users/1338f9e3-2e03-40b6-8dba-c87bf5dd7260 Query: {} Body: {}

info: GET 200 /boards/ebd16286-4ab5-4335-91b0-01b2216fadfc Query: {} Body: {}

info: POST 200 /users Query: {} Body: {"name":"TEST_USER","login":"test_user","password":"T35t_P@55w0rd"}

info: PUT 200 /users/d89754ed-fcdc-4b35-af56-e255ef089b5b Query: {} Body: {"name":"Autotest updated TEST_USER","login":"test_user","password":"T35t_P@55w0rd","id":"d89754ed-fcdc-4b35-af56-e255ef089b5b"}

info: POST 200 /boards Query: {} Body: {"title":"Autotest board","columns":[{"title":"Backlog","order":1},{"title":"Sprint","order":2}]}

info: GET 200 /users/d89754ed-fcdc-4b35-af56-e255ef089b5b Query: {} Body: {}

info: DELETE 204 /boards/d8485700-b508-4695-ab2f-0aeb52de6ba2 Query: {} Body: {}

info: DELETE 204 /users/d89754ed-fcdc-4b35-af56-e255ef089b5b Query: {} Body: {}

info: POST 200 /boards Query: {} Body: {"title":"Autotest board","columns":[{"title":"Backlog","order":1},{"title":"Sprint","order":2}]}

info: POST 200 /users Query: {} Body: {"name":"TEST_USER","login":"test_user","password":"T35t_P@55w0rd"}

info: PUT 200 /boards/a7923d6d-abe5-47c7-8027-d678842d1a44 Query: {} Body: {"id":"a7923d6d-abe5-47c7-8027-d678842d1a44","title":"Autotest updated board","columns":[{"title":"Backlog","order":1},{"title":"Sprint","order":2}]}

info: DELETE 204 /users/44a27404-7c4b-4c1b-af87-a0f14df2a8fc Query: {} Body: {}

info: GET 200 /boards/a7923d6d-abe5-47c7-8027-d678842d1a44 Query: {} Body: {}

info: POST 200 /users Query: {} Body: {"name":"TEST_USER","login":"test_user","password":"T35t_P@55w0rd"}

info: DELETE 204 /boards/a7923d6d-abe5-47c7-8027-d678842d1a44 Query: {} Body: {}

info: POST 200 /boards Query: {} Body: {"title":"Autotest board","columns":[{"title":"Backlog","order":1},{"title":"Sprint","order":2}]}

info: POST 200 /boards Query: {} Body: {"title":"Autotest board","columns":[{"title":"Backlog","order":1},{"title":"Sprint","order":2}]}

info: POST 200 /boards/eea7fb45-cf25-4f90-8f73-5eaa5c338a79/tasks Query: {} Body: {"title":"Task #1","order":1,"description":"Lorem ipsum","userId":"dd501180-3587-4f2b-b7d7-d2459c41226d","boardId":"eea7fb45-cf25-4f90-8f73-5eaa5c338a79"}

info: POST 200 /boards/eea7fb45-cf25-4f90-8f73-5eaa5c338a79/tasks Query: {} Body: {"title":"Task #2","order":2,"description":"Lorem ipsum","userId":"dd501180-3587-4f2b-b7d7-d2459c41226d","boardId":"eea7fb45-cf25-4f90-8f73-5eaa5c338a79"}

info: DELETE 204 /boards/0d1400ea-c0d1-43a1-891c-3f7e1c1ef4bc Query: {} Body: {}

info: DELETE 204 /users/dd501180-3587-4f2b-b7d7-d2459c41226d Query: {} Body: {}

info: GET 404 /boards/0d1400ea-c0d1-43a1-891c-3f7e1c1ef4bc Query: {} Body: {}

info: GET 200 /boards/eea7fb45-cf25-4f90-8f73-5eaa5c338a79/tasks/af6ec6f3-a820-4a8b-be27-e481a8f544b1 Query: {} Body: {}

info: POST 200 /boards Query: {} Body: {"title":"Autotest board","columns":[{"title":"Backlog","order":1},{"title":"Sprint","order":2}]}

info: POST 200 /boards Query: {} Body: {"title":"Autotest board","columns":[{"title":"Backlog","order":1},{"title":"Sprint","order":2}]}

info: GET 200 /boards/eea7fb45-cf25-4f90-8f73-5eaa5c338a79/tasks/38ec0a2b-a122-43a9-b164-804cbd15a057 Query: {} Body: {}

info: POST 200 /boards/bfa7f280-aef5-4482-a8f9-982f2ba68034/tasks Query: {} Body: {"title":"Task #1","order":1,"description":"Lorem ipsum","boardId":"bfa7f280-aef5-4482-a8f9-982f2ba68034","userId":null,"columnId":null}

info: POST 200 /boards/bfa7f280-aef5-4482-a8f9-982f2ba68034/tasks Query: {} Body: {"title":"Task #2","order":2,"description":"Lorem ipsum","boardId":"bfa7f280-aef5-4482-a8f9-982f2ba68034","userId":null,"columnId":null}

info: POST 200 /boards/bfa7f280-aef5-4482-a8f9-982f2ba68034/tasks Query: {} Body: {"title":"Task #3","order":3,"description":"Lorem ipsum","boardId":"bfa7f280-aef5-4482-a8f9-982f2ba68034","userId":null,"columnId":null}

info: POST 200 /boards/bfa7f280-aef5-4482-a8f9-982f2ba68034/tasks Query: {} Body: {"title":"Task #4","order":4,"description":"Lorem ipsum","boardId":"bfa7f280-aef5-4482-a8f9-982f2ba68034","userId":null,"columnId":null}

info: POST 200 /boards/bfa7f280-aef5-4482-a8f9-982f2ba68034/tasks Query: {} Body: {"title":"Task #5","order":5,"description":"Lorem ipsum","boardId":"bfa7f280-aef5-4482-a8f9-982f2ba68034","userId":null,"columnId":null}

info: DELETE 200 /boards/eea7fb45-cf25-4f90-8f73-5eaa5c338a79/tasks/af6ec6f3-a820-4a8b-be27-e481a8f544b1 Query: {} Body: {}

info: DELETE 200 /boards/eea7fb45-cf25-4f90-8f73-5eaa5c338a79/tasks/38ec0a2b-a122-43a9-b164-804cbd15a057 Query: {} Body: {}

info: POST 200 /boards/4d3804b0-b813-4f91-96df-09ab946bbe63/tasks Query: {} Body: {"title":"Autotest task","order":0,"description":"Lorem ipsum","userId":null,"boardId":null,"columnId":null}

info: GET 200 /boards/bfa7f280-aef5-4482-a8f9-982f2ba68034/tasks/4ff66937-f432-4396-ae89-cfe9893384b2 Query: {} Body: {}

info: GET 200 /boards/bfa7f280-aef5-4482-a8f9-982f2ba68034/tasks/e0fd866e-e929-48f9-a1c9-6038d113a470 Query: {} Body: {}

info: GET 200 /boards/bfa7f280-aef5-4482-a8f9-982f2ba68034/tasks/019b2ae4-64f2-4467-9186-09e699b4c715 Query: {} Body: {}

info: GET 200 /boards/bfa7f280-aef5-4482-a8f9-982f2ba68034/tasks/695563dc-958a-4135-919f-e78022ce591b Query: {} Body: {}

info: GET 200 /boards/bfa7f280-aef5-4482-a8f9-982f2ba68034/tasks/bda25b03-55bb-4cac-9068-c5b3744aefb4 Query: {} Body: {}

info: DELETE 204 /boards/eea7fb45-cf25-4f90-8f73-5eaa5c338a79 Query: {} Body: {}

info: GET 200 /boards/4d3804b0-b813-4f91-96df-09ab946bbe63/tasks Query: {} Body: {}

info: DELETE 204 /boards/bfa7f280-aef5-4482-a8f9-982f2ba68034 Query: {} Body: {}

info: GET 404 /boards/bfa7f280-aef5-4482-a8f9-982f2ba68034/tasks/4ff66937-f432-4396-ae89-cfe9893384b2 Query: {} Body: {}

info: GET 404 /boards/bfa7f280-aef5-4482-a8f9-982f2ba68034/tasks/e0fd866e-e929-48f9-a1c9-6038d113a470 Query: {} Body: {}

info: GET 404 /boards/bfa7f280-aef5-4482-a8f9-982f2ba68034/tasks/019b2ae4-64f2-4467-9186-09e699b4c715 Query: {} Body: {}

info: GET 404 /boards/bfa7f280-aef5-4482-a8f9-982f2ba68034/tasks/695563dc-958a-4135-919f-e78022ce591b Query: {} Body: {}

info: GET 404 /boards/bfa7f280-aef5-4482-a8f9-982f2ba68034/tasks/bda25b03-55bb-4cac-9068-c5b3744aefb4 Query: {} Body: {}

info: GET 200 /boards/4d3804b0-b813-4f91-96df-09ab946bbe63/tasks Query: {} Body: {}

info: DELETE 204 /boards/e17dee49-cb20-48e2-b167-426812499286 Query: {} Body: {}

info: GET 200 /boards/4d3804b0-b813-4f91-96df-09ab946bbe63/tasks/212331cb-c74b-4f0d-8a5b-67176580efc0 Query: {} Body: {}

info: POST 200 /boards/4d3804b0-b813-4f91-96df-09ab946bbe63/tasks Query: {} Body: {"title":"Autotest task","order":0,"description":"Lorem ipsum","userId":null,"boardId":null,"columnId":null}

info: DELETE 200 /boards/4d3804b0-b813-4f91-96df-09ab946bbe63/tasks/1a8ca8f7-1ad5-4cd3-b128-72d11425f9c8 Query: {} Body: {}

info: POST 200 /boards/4d3804b0-b813-4f91-96df-09ab946bbe63/tasks Query: {} Body: {"title":"Autotest task","order":0,"description":"Lorem ipsum","userId":null,"boardId":null,"columnId":null}

info: PUT 200 /boards/4d3804b0-b813-4f91-96df-09ab946bbe63/tasks/10ffac31-7568-48ff-a168-394bd4a2f87e Query: {} Body: {"id":"10ffac31-7568-48ff-a168-394bd4a2f87e","title":"Autotest updated task","order":0,"description":"Lorem ipsum","userId":null,"boardId":"4d3804b0-b813-4f91-96df-09ab946bbe63","columnId":null}

info: GET 200 /boards/4d3804b0-b813-4f91-96df-09ab946bbe63/tasks/10ffac31-7568-48ff-a168-394bd4a2f87e Query: {} Body: {}

info: GET 200 /boards/4d3804b0-b813-4f91-96df-09ab946bbe63/tasks/212331cb-c74b-4f0d-8a5b-67176580efc0 Query: {} Body: {}

info: DELETE 200 /boards/4d3804b0-b813-4f91-96df-09ab946bbe63/tasks/212331cb-c74b-4f0d-8a5b-67176580efc0 Query: {} Body: {}

info: GET 404 /boards/4d3804b0-b813-4f91-96df-09ab946bbe63/tasks/212331cb-c74b-4f0d-8a5b-67176580efc0 Query: {} Body: {}

info: DELETE 204 /boards/4d3804b0-b813-4f91-96df-09ab946bbe63 Query: {} Body: {}

info: DELETE 404 /boards/9c06ff0d-01d8-4cc9-b6a3-2837b3a0a251 Query: {} Body: {}

info: POST 200 /boards Query: {} Body: {"title":"Autotest board","columns":[{"title":"Backlog","order":1},{"title":"Sprint","order":2}]}

info: POST 200 /users Query: {} Body: {"name":"TEST_USER","login":"test_user","password":"T35t_P@55w0rd"}

info: DELETE 204 /boards/243dae0f-865d-4e29-b7f6-ef7f63b652aa Query: {} Body: {}

info: GET 404 /boards/243dae0f-865d-4e29-b7f6-ef7f63b652aa Query: {} Body: {}

info: POST 200 /boards Query: {} Body: {"title":"Autotest board","columns":[{"title":"Backlog","order":1},{"title":"Sprint","order":2}]}

info: POST 200 /boards Query: {} Body: {"title":"Autotest board","columns":[{"title":"Backlog","order":1},{"title":"Sprint","order":2}]}

info: POST 200 /boards/a92f189f-2e29-4f92-b613-9860d5a697f4/tasks Query: {} Body: {"title":"Task #1","order":1,"description":"Lorem ipsum","userId":"9ed080a0-da15-4062-97be-c96fd56829a3","boardId":"a92f189f-2e29-4f92-b613-9860d5a697f4"}

info: POST 200 /boards/a92f189f-2e29-4f92-b613-9860d5a697f4/tasks Query: {} Body: {"title":"Task #2","order":2,"description":"Lorem ipsum","userId":"9ed080a0-da15-4062-97be-c96fd56829a3","boardId":"a92f189f-2e29-4f92-b613-9860d5a697f4"}

info: POST 200 /boards/e1232efa-8eb8-4cf4-a5f4-31184c555820/tasks Query: {} Body: {"title":"Task #1","order":1,"description":"Lorem ipsum","boardId":"e1232efa-8eb8-4cf4-a5f4-31184c555820","userId":null,"columnId":null}

info: POST 200 /boards/e1232efa-8eb8-4cf4-a5f4-31184c555820/tasks Query: {} Body: {"title":"Task #2","order":2,"description":"Lorem ipsum","boardId":"e1232efa-8eb8-4cf4-a5f4-31184c555820","userId":null,"columnId":null}

info: POST 200 /boards/e1232efa-8eb8-4cf4-a5f4-31184c555820/tasks Query: {} Body: {"title":"Task #3","order":3,"description":"Lorem ipsum","boardId":"e1232efa-8eb8-4cf4-a5f4-31184c555820","userId":null,"columnId":null}

info: POST 200 /boards/e1232efa-8eb8-4cf4-a5f4-31184c555820/tasks Query: {} Body: {"title":"Task #4","order":4,"description":"Lorem ipsum","boardId":"e1232efa-8eb8-4cf4-a5f4-31184c555820","userId":null,"columnId":null}

info: POST 200 /boards/e1232efa-8eb8-4cf4-a5f4-31184c555820/tasks Query: {} Body: {"title":"Task #5","order":5,"description":"Lorem ipsum","boardId":"e1232efa-8eb8-4cf4-a5f4-31184c555820","userId":null,"columnId":null}

info: DELETE 204 /users/9ed080a0-da15-4062-97be-c96fd56829a3 Query: {} Body: {}

info: GET 200 /boards/e1232efa-8eb8-4cf4-a5f4-31184c555820/tasks/e22679f9-25bb-4aa5-b5d8-4334b5fbdf1d Query: {} Body: {}

info: GET 200 /boards/e1232efa-8eb8-4cf4-a5f4-31184c555820/tasks/23cb4c53-fab3-4a76-ace8-e40f84b55b7f Query: {} Body: {}

info: GET 200 /boards/e1232efa-8eb8-4cf4-a5f4-31184c555820/tasks/e2c978d8-4690-4cea-9c5c-459d09e7c124 Query: {} Body: {}

info: GET 200 /boards/e1232efa-8eb8-4cf4-a5f4-31184c555820/tasks/c85bba9a-cd87-4a30-8f26-5eae9474d79b Query: {} Body: {}

info: GET 200 /boards/e1232efa-8eb8-4cf4-a5f4-31184c555820/tasks/beb8536d-f4c1-4ea1-a572-80184aee97e1 Query: {} Body: {}

info: GET 200 /boards/a92f189f-2e29-4f92-b613-9860d5a697f4/tasks/2bd21060-ba6b-412f-a650-f3aea6757ed2 Query: {} Body: {}

info: DELETE 204 /boards/e1232efa-8eb8-4cf4-a5f4-31184c555820 Query: {} Body: {}

info: GET 200 /boards/a92f189f-2e29-4f92-b613-9860d5a697f4/tasks/1ad26938-15ee-48db-b4a8-4367981eb6ba Query: {} Body: {}

info: GET 404 /boards/e1232efa-8eb8-4cf4-a5f4-31184c555820/tasks/e22679f9-25bb-4aa5-b5d8-4334b5fbdf1d Query: {} Body: {}

info: GET 404 /boards/e1232efa-8eb8-4cf4-a5f4-31184c555820/tasks/e2c978d8-4690-4cea-9c5c-459d09e7c124 Query: {} Body: {}

info: GET 404 /boards/e1232efa-8eb8-4cf4-a5f4-31184c555820/tasks/c85bba9a-cd87-4a30-8f26-5eae9474d79b Query: {} Body: {}

info: GET 404 /boards/e1232efa-8eb8-4cf4-a5f4-31184c555820/tasks/beb8536d-f4c1-4ea1-a572-80184aee97e1 Query: {} Body: {}

info: GET 404 /boards/e1232efa-8eb8-4cf4-a5f4-31184c555820/tasks/23cb4c53-fab3-4a76-ace8-e40f84b55b7f Query: {} Body: {}

info: DELETE 200 /boards/a92f189f-2e29-4f92-b613-9860d5a697f4/tasks/2bd21060-ba6b-412f-a650-f3aea6757ed2 Query: {} Body: {}

info: DELETE 200 /boards/a92f189f-2e29-4f92-b613-9860d5a697f4/tasks/1ad26938-15ee-48db-b4a8-4367981eb6ba Query: {} Body: {}

info: DELETE 404 /boards/undefined Query: {} Body: {}

info: DELETE 204 /boards/a92f189f-2e29-4f92-b613-9860d5a697f4 Query: {} Body: {}

info: POST 200 /boards Query: {} Body: {"title":"Autotest board","columns":[{"title":"Backlog","order":1},{"title":"Sprint","order":2}]}

info: GET 200 /boards Query: {} Body: {}

info: GET 200 /boards Query: {} Body: {}

info: GET 200 /boards/a6a562e0-3ff4-4782-abd0-12173b3a612d Query: {} Body: {}

info: POST 200 /boards Query: {} Body: {"title":"Autotest board","columns":[{"title":"Backlog","order":1},{"title":"Sprint","order":2}]}

info: DELETE 204 /boards/86d9d53e-8bd2-4734-8fb4-b8da4e99b58b Query: {} Body: {}

info: POST 200 /boards Query: {} Body: {"title":"Autotest board","columns":[{"title":"Backlog","order":1},{"title":"Sprint","order":2}]}

info: GET 200 /users Query: {} Body: {}

info: PUT 200 /boards/ea7b46c3-2d7f-472b-9147-8d013311c133 Query: {} Body: {"id":"ea7b46c3-2d7f-472b-9147-8d013311c133","title":"Autotest updated board","columns":[{"title":"Backlog","order":1},{"title":"Sprint","order":2}]}

info: GET 200 /boards/ea7b46c3-2d7f-472b-9147-8d013311c133 Query: {} Body: {}

info: POST 200 /users Query: {} Body: {"name":"TEST_USER","login":"test_user","password":"T35t_P@55w0rd"}

info: DELETE 204 /boards/ea7b46c3-2d7f-472b-9147-8d013311c133 Query: {} Body: {}

info: GET 200 /users/452e64c2-be6a-41d8-badd-ea4911a0871b Query: {} Body: {}

info: POST 200 /boards Query: {} Body: {"title":"Autotest board","columns":[{"title":"Backlog","order":1},{"title":"Sprint","order":2}]}

info: DELETE 204 /users/452e64c2-be6a-41d8-badd-ea4911a0871b Query: {} Body: {}

info: DELETE 204 /boards/d2601ebf-feed-4e97-a551-6796e4f3fd3f Query: {} Body: {}

info: POST 200 /users Query: {} Body: {"name":"TEST_USER","login":"test_user","password":"T35t_P@55w0rd"}

info: GET 404 /boards/d2601ebf-feed-4e97-a551-6796e4f3fd3f Query: {} Body: {}

info: POST 200 /boards Query: {} Body: {"title":"Autotest board","columns":[{"title":"Backlog","order":1},{"title":"Sprint","order":2}]}

info: DELETE 204 /users/83a23e8f-b9b7-4521-b243-0b3ce3d2c420 Query: {} Body: {}

info: POST 200 /boards/ad2f781d-7fcc-4aea-bd2d-944d74ee724b/tasks Query: {} Body: {"title":"Task #1","order":1,"description":"Lorem ipsum","boardId":"ad2f781d-7fcc-4aea-bd2d-944d74ee724b","userId":null,"columnId":null}

info: POST 200 /boards/ad2f781d-7fcc-4aea-bd2d-944d74ee724b/tasks Query: {} Body: {"title":"Task #2","order":2,"description":"Lorem ipsum","boardId":"ad2f781d-7fcc-4aea-bd2d-944d74ee724b","userId":null,"columnId":null}

info: POST 200 /boards/ad2f781d-7fcc-4aea-bd2d-944d74ee724b/tasks Query: {} Body: {"title":"Task #3","order":3,"description":"Lorem ipsum","boardId":"ad2f781d-7fcc-4aea-bd2d-944d74ee724b","userId":null,"columnId":null}

info: POST 200 /boards/ad2f781d-7fcc-4aea-bd2d-944d74ee724b/tasks Query: {} Body: {"title":"Task #5","order":5,"description":"Lorem ipsum","boardId":"ad2f781d-7fcc-4aea-bd2d-944d74ee724b","userId":null,"columnId":null}

info: POST 200 /users Query: {} Body: {"name":"TEST_USER","login":"test_user","password":"T35t_P@55w0rd"}

info: POST 200 /boards/ad2f781d-7fcc-4aea-bd2d-944d74ee724b/tasks Query: {} Body: {"title":"Task #4","order":4,"description":"Lorem ipsum","boardId":"ad2f781d-7fcc-4aea-bd2d-944d74ee724b","userId":null,"columnId":null}

info: POST 200 /boards Query: {} Body: {"title":"Autotest board","columns":[{"title":"Backlog","order":1},{"title":"Sprint","order":2}]}

info: PUT 200 /users/dd884f1e-ccfd-441f-9663-351617518774 Query: {} Body: {"name":"Autotest updated TEST_USER","login":"test_user","password":"T35t_P@55w0rd","id":"dd884f1e-ccfd-441f-9663-351617518774"}

info: GET 200 /boards/ad2f781d-7fcc-4aea-bd2d-944d74ee724b/tasks/6aa04ed9-76f3-4e0f-8e19-b32d26db38e3 Query: {} Body: {}

info: GET 200 /boards/ad2f781d-7fcc-4aea-bd2d-944d74ee724b/tasks/d9ad1b3a-94ba-4a1e-8f2d-48030c3c0bc7 Query: {} Body: {}

info: GET 200 /boards/ad2f781d-7fcc-4aea-bd2d-944d74ee724b/tasks/92d5e85c-7906-4bce-900e-03cfd42a18da Query: {} Body: {}

info: GET 200 /boards/ad2f781d-7fcc-4aea-bd2d-944d74ee724b/tasks/6d8b9817-4a94-4e97-be2f-2f5968612357 Query: {} Body: {}

info: GET 200 /boards/ad2f781d-7fcc-4aea-bd2d-944d74ee724b/tasks/16644620-5f96-4bc6-9ffa-d3e4684fec79 Query: {} Body: {}

info: GET 200 /users/dd884f1e-ccfd-441f-9663-351617518774 Query: {} Body: {}

info: POST 200 /boards/6e0b9c56-3924-4bca-afb0-e8cb421de58a/tasks Query: {} Body: {"title":"Autotest task","order":0,"description":"Lorem ipsum","userId":null,"boardId":null,"columnId":null}

info: DELETE 204 /boards/ad2f781d-7fcc-4aea-bd2d-944d74ee724b Query: {} Body: {}

info: DELETE 204 /users/dd884f1e-ccfd-441f-9663-351617518774 Query: {} Body: {}

info: GET 200 /boards/6e0b9c56-3924-4bca-afb0-e8cb421de58a/tasks Query: {} Body: {}

info: GET 404 /boards/ad2f781d-7fcc-4aea-bd2d-944d74ee724b/tasks/6aa04ed9-76f3-4e0f-8e19-b32d26db38e3 Query: {} Body: {}

info: GET 404 /boards/ad2f781d-7fcc-4aea-bd2d-944d74ee724b/tasks/d9ad1b3a-94ba-4a1e-8f2d-48030c3c0bc7 Query: {} Body: {}

info: GET 404 /boards/ad2f781d-7fcc-4aea-bd2d-944d74ee724b/tasks/92d5e85c-7906-4bce-900e-03cfd42a18da Query: {} Body: {}

info: GET 404 /boards/ad2f781d-7fcc-4aea-bd2d-944d74ee724b/tasks/6d8b9817-4a94-4e97-be2f-2f5968612357 Query: {} Body: {}

info: GET 404 /boards/ad2f781d-7fcc-4aea-bd2d-944d74ee724b/tasks/16644620-5f96-4bc6-9ffa-d3e4684fec79 Query: {} Body: {}

info: POST 200 /users Query: {} Body: {"name":"TEST_USER","login":"test_user","password":"T35t_P@55w0rd"}

info: GET 200 /boards/6e0b9c56-3924-4bca-afb0-e8cb421de58a/tasks Query: {} Body: {}

info: DELETE 204 /boards/157208a1-a1a1-41df-b605-1f89bebb8114 Query: {} Body: {}

info: DELETE 204 /users/106c4ed3-ed8c-4ce8-93f5-44e476d5eb3b Query: {} Body: {}

info: GET 200 /boards/6e0b9c56-3924-4bca-afb0-e8cb421de58a/tasks/2d4006be-7ede-4482-a884-9bf5a36f0acb Query: {} Body: {}

info: POST 200 /users Query: {} Body: {"name":"TEST_USER","login":"test_user","password":"T35t_P@55w0rd"}

info: POST 200 /boards/6e0b9c56-3924-4bca-afb0-e8cb421de58a/tasks Query: {} Body: {"title":"Autotest task","order":0,"description":"Lorem ipsum","userId":null,"boardId":null,"columnId":null}

info: POST 200 /boards Query: {} Body: {"title":"Autotest board","columns":[{"title":"Backlog","order":1},{"title":"Sprint","order":2}]}

info: DELETE 200 /boards/6e0b9c56-3924-4bca-afb0-e8cb421de58a/tasks/a118bbdd-898d-494c-b614-e8ec75f5cab4 Query: {} Body: {}

info: POST 200 /boards/c0422bdd-1577-4a75-ba81-ee7d012b2877/tasks Query: {} Body: {"title":"Task #2","order":2,"description":"Lorem ipsum","userId":"70b06ce5-3984-4c30-98d3-7b2c51335c0d","boardId":"c0422bdd-1577-4a75-ba81-ee7d012b2877"}

info: POST 200 /boards/c0422bdd-1577-4a75-ba81-ee7d012b2877/tasks Query: {} Body: {"title":"Task #1","order":1,"description":"Lorem ipsum","userId":"70b06ce5-3984-4c30-98d3-7b2c51335c0d","boardId":"c0422bdd-1577-4a75-ba81-ee7d012b2877"}

info: POST 200 /boards/6e0b9c56-3924-4bca-afb0-e8cb421de58a/tasks Query: {} Body: {"title":"Autotest task","order":0,"description":"Lorem ipsum","userId":null,"boardId":null,"columnId":null}

info: DELETE 204 /users/70b06ce5-3984-4c30-98d3-7b2c51335c0d Query: {} Body: {}

info: PUT 200 /boards/6e0b9c56-3924-4bca-afb0-e8cb421de58a/tasks/e30b487b-7037-4949-8ec7-a04563196846 Query: {} Body: {"id":"e30b487b-7037-4949-8ec7-a04563196846","title":"Autotest updated task","order":0,"description":"Lorem ipsum","userId":null,"boardId":"6e0b9c56-3924-4bca-afb0-e8cb421de58a","columnId":null}

info: GET 200 /boards/c0422bdd-1577-4a75-ba81-ee7d012b2877/tasks/f7d3ecc6-9942-4409-8d0b-edbf77e8a09e Query: {} Body: {}

info: GET 200 /boards/6e0b9c56-3924-4bca-afb0-e8cb421de58a/tasks/e30b487b-7037-4949-8ec7-a04563196846 Query: {} Body: {}

info: GET 200 /boards/c0422bdd-1577-4a75-ba81-ee7d012b2877/tasks/298ca750-3ad6-4ca0-80d6-d25378d8e4ee Query: {} Body: {}

info: GET 200 /boards/6e0b9c56-3924-4bca-afb0-e8cb421de58a/tasks/2d4006be-7ede-4482-a884-9bf5a36f0acb Query: {} Body: {}

info: DELETE 200 /boards/c0422bdd-1577-4a75-ba81-ee7d012b2877/tasks/f7d3ecc6-9942-4409-8d0b-edbf77e8a09e Query: {} Body: {}

info: DELETE 200 /boards/c0422bdd-1577-4a75-ba81-ee7d012b2877/tasks/298ca750-3ad6-4ca0-80d6-d25378d8e4ee Query: {} Body: {}

info: DELETE 200 /boards/6e0b9c56-3924-4bca-afb0-e8cb421de58a/tasks/2d4006be-7ede-4482-a884-9bf5a36f0acb Query: {} Body: {}

info: DELETE 204 /boards/c0422bdd-1577-4a75-ba81-ee7d012b2877 Query: {} Body: {}

info: GET 404 /boards/6e0b9c56-3924-4bca-afb0-e8cb421de58a/tasks/2d4006be-7ede-4482-a884-9bf5a36f0acb Query: {} Body: {}

info: DELETE 204 /boards/6e0b9c56-3924-4bca-afb0-e8cb421de58a Query: {} Body: {}

